This is pdfTeX, Version 3.14159265-2.6-1.40.21 (TeX Live 2020/W32TeX) (preloaded format=pdflatex 2021.1.19)  19 JAN 2021 17:59
entering extended mode
 restricted \write18 enabled.
 %&-line parsing enabled.
**TensorAR.tex
(./TensorAR.tex
LaTeX2e <2020-02-02> patch level 5
L3 programming layer <2020-03-06>
(e:/texlive/2020/texmf-dist/tex/latex/base/article.cls
Document Class: article 2019/12/20 v1.4l Standard LaTeX document class
(e:/texlive/2020/texmf-dist/tex/latex/base/size12.clo
File: size12.clo 2019/12/20 v1.4l Standard LaTeX file (size option)
)
\c@part=\count167
\c@section=\count168
\c@subsection=\count169
\c@subsubsection=\count170
\c@paragraph=\count171
\c@subparagraph=\count172
\c@figure=\count173
\c@table=\count174
\abovecaptionskip=\skip47
\belowcaptionskip=\skip48
\bibindent=\dimen134
)
(e:/texlive/2020/texmf-dist/tex/latex/base/inputenc.sty
Package: inputenc 2018/08/11 v1.3c Input encoding file
\inpenc@prehook=\toks15
\inpenc@posthook=\toks16
)
(e:/texlive/2020/texmf-dist/tex/latex/natbib/natbib.sty
Package: natbib 2010/09/13 8.31b (PWD, AO)
\bibhang=\skip49
\bibsep=\skip50
LaTeX Info: Redefining \cite on input line 694.
\c@NAT@ctr=\count175
)
(e:/texlive/2020/texmf-dist/tex/latex/geometry/geometry.sty
Package: geometry 2020/01/02 v5.9 Page Geometry

(e:/texlive/2020/texmf-dist/tex/latex/graphics/keyval.sty
Package: keyval 2014/10/28 v1.15 key=value parser (DPC)
\KV@toks@=\toks17
)
(e:/texlive/2020/texmf-dist/tex/generic/iftex/ifvtex.sty
Package: ifvtex 2019/10/25 v1.7 ifvtex legacy package. Use iftex instead.

(e:/texlive/2020/texmf-dist/tex/generic/iftex/iftex.sty
Package: iftex 2020/03/06 v1.0d TeX engine tests
))
\Gm@cnth=\count176
\Gm@cntv=\count177
\c@Gm@tempcnt=\count178
\Gm@bindingoffset=\dimen135
\Gm@wd@mp=\dimen136
\Gm@odd@mp=\dimen137
\Gm@even@mp=\dimen138
\Gm@layoutwidth=\dimen139
\Gm@layoutheight=\dimen140
\Gm@layouthoffset=\dimen141
\Gm@layoutvoffset=\dimen142
\Gm@dimlist=\toks18
)
(e:/texlive/2020/texmf-dist/tex/latex/graphics/graphicx.sty
Package: graphicx 2019/11/30 v1.2a Enhanced LaTeX Graphics (DPC,SPQR)

(e:/texlive/2020/texmf-dist/tex/latex/graphics/graphics.sty
Package: graphics 2019/11/30 v1.4a Standard LaTeX Graphics (DPC,SPQR)

(e:/texlive/2020/texmf-dist/tex/latex/graphics/trig.sty
Package: trig 2016/01/03 v1.10 sin cos tan (DPC)
)
(e:/texlive/2020/texmf-dist/tex/latex/graphics-cfg/graphics.cfg
File: graphics.cfg 2016/06/04 v1.11 sample graphics configuration
)
Package graphics Info: Driver file: pdftex.def on input line 105.

(e:/texlive/2020/texmf-dist/tex/latex/graphics-def/pdftex.def
File: pdftex.def 2018/01/08 v1.0l Graphics/color driver for pdftex
))
\Gin@req@height=\dimen143
\Gin@req@width=\dimen144
)
(e:/texlive/2020/texmf-dist/tex/latex/jknapltx/mathrsfs.sty
Package: mathrsfs 1996/01/01 Math RSFS package v1.0 (jk)
\symrsfs=\mathgroup4
)
(e:/texlive/2020/texmf-dist/tex/latex/multirow/multirow.sty
Package: multirow 2019/05/31 v2.5 Span multiple rows of a table
\multirow@colwidth=\skip51
\multirow@cntb=\count179
\multirow@dima=\skip52
\bigstrutjot=\dimen145
)
(e:/texlive/2020/texmf-dist/tex/latex/amsfonts/amsfonts.sty
Package: amsfonts 2013/01/14 v3.01 Basic AMSFonts support
\@emptytoks=\toks19
\symAMSa=\mathgroup5
\symAMSb=\mathgroup6
LaTeX Font Info:    Redeclaring math symbol \hbar on input line 98.
LaTeX Font Info:    Overwriting math alphabet `\mathfrak' in version `bold'
(Font)                  U/euf/m/n --> U/euf/b/n on input line 106.
)
(e:/texlive/2020/texmf-dist/tex/latex/amsmath/amsmath.sty
Package: amsmath 2020/01/20 v2.17e AMS math features
\@mathmargin=\skip53

For additional information on amsmath, use the `?' option.
(e:/texlive/2020/texmf-dist/tex/latex/amsmath/amstext.sty
Package: amstext 2000/06/29 v2.01 AMS text

(e:/texlive/2020/texmf-dist/tex/latex/amsmath/amsgen.sty
File: amsgen.sty 1999/11/30 v2.0 generic functions
\@emptytoks=\toks20
\ex@=\dimen146
))
(e:/texlive/2020/texmf-dist/tex/latex/amsmath/amsbsy.sty
Package: amsbsy 1999/11/29 v1.2d Bold Symbols
\pmbraise@=\dimen147
)
(e:/texlive/2020/texmf-dist/tex/latex/amsmath/amsopn.sty
Package: amsopn 2016/03/08 v2.02 operator names
)
\inf@bad=\count180
LaTeX Info: Redefining \frac on input line 227.
\uproot@=\count181
\leftroot@=\count182
LaTeX Info: Redefining \overline on input line 389.
\classnum@=\count183
\DOTSCASE@=\count184
LaTeX Info: Redefining \ldots on input line 486.
LaTeX Info: Redefining \dots on input line 489.
LaTeX Info: Redefining \cdots on input line 610.
\Mathstrutbox@=\box45
\strutbox@=\box46
\big@size=\dimen148
LaTeX Font Info:    Redeclaring font encoding OML on input line 733.
LaTeX Font Info:    Redeclaring font encoding OMS on input line 734.
\macc@depth=\count185
\c@MaxMatrixCols=\count186
\dotsspace@=\muskip16
\c@parentequation=\count187
\dspbrk@lvl=\count188
\tag@help=\toks21
\row@=\count189
\column@=\count190
\maxfields@=\count191
\andhelp@=\toks22
\eqnshift@=\dimen149
\alignsep@=\dimen150
\tagshift@=\dimen151
\tagwidth@=\dimen152
\totwidth@=\dimen153
\lineht@=\dimen154
\@envbody=\toks23
\multlinegap=\skip54
\multlinetaggap=\skip55
\mathdisplay@stack=\toks24
LaTeX Info: Redefining \[ on input line 2859.
LaTeX Info: Redefining \] on input line 2860.
)
(e:/texlive/2020/texmf-dist/tex/latex/comment/comment.sty
\CommentStream=\write3

Excluding comment 'comment')
(e:/texlive/2020/texmf-dist/tex/latex/amscls/amsthm.sty
Package: amsthm 2017/10/31 v2.20.4
\thm@style=\toks25
\thm@bodyfont=\toks26
\thm@headfont=\toks27
\thm@notefont=\toks28
\thm@headpunct=\toks29
\thm@preskip=\skip56
\thm@postskip=\skip57
\thm@headsep=\skip58
\dth@everypar=\toks30
)
(e:/texlive/2020/texmf-dist/tex/latex/graphics/color.sty
Package: color 2019/11/23 v1.2a Standard LaTeX Color (DPC)

(e:/texlive/2020/texmf-dist/tex/latex/graphics-cfg/color.cfg
File: color.cfg 2016/01/02 v1.6 sample color configuration
)
Package color Info: Driver file: pdftex.def on input line 147.
)
(e:/texlive/2020/texmf-dist/tex/latex/mathtools/mathtools.sty
Package: mathtools 2020/03/24 v1.24 mathematical typesetting tools

(e:/texlive/2020/texmf-dist/tex/latex/tools/calc.sty
Package: calc 2017/05/25 v4.3 Infix arithmetic (KKT,FJ)
\calc@Acount=\count192
\calc@Bcount=\count193
\calc@Adimen=\dimen155
\calc@Bdimen=\dimen156
\calc@Askip=\skip59
\calc@Bskip=\skip60
LaTeX Info: Redefining \setlength on input line 80.
LaTeX Info: Redefining \addtolength on input line 81.
\calc@Ccount=\count194
\calc@Cskip=\skip61
)
(e:/texlive/2020/texmf-dist/tex/latex/mathtools/mhsetup.sty
Package: mhsetup 2017/03/31 v1.3 programming setup (MH)
)
LaTeX Info: Thecontrolsequence`\('isalreadyrobust on input line 130.
LaTeX Info: Thecontrolsequence`\)'isalreadyrobust on input line 130.
LaTeX Info: Thecontrolsequence`\['isalreadyrobust on input line 130.
LaTeX Info: Thecontrolsequence`\]'isalreadyrobust on input line 130.
\g_MT_multlinerow_int=\count195
\l_MT_multwidth_dim=\dimen157
\origjot=\skip62
\l_MT_shortvdotswithinadjustabove_dim=\dimen158
\l_MT_shortvdotswithinadjustbelow_dim=\dimen159
\l_MT_above_intertext_sep=\dimen160
\l_MT_below_intertext_sep=\dimen161
\l_MT_above_shortintertext_sep=\dimen162
\l_MT_below_shortintertext_sep=\dimen163
\xmathstrut@box=\box47
\xmathstrut@dim=\dimen164
)
(e:/texlive/2020/texmf-dist/tex/latex/algorithms/algorithm.sty
Package: algorithm 2009/08/24 v0.1 Document Style `algorithm' - floating enviro
nment

(e:/texlive/2020/texmf-dist/tex/latex/float/float.sty
Package: float 2001/11/08 v1.3d Float enhancements (AL)
\c@float@type=\count196
\float@exts=\toks31
\float@box=\box48
\@float@everytoks=\toks32
\@floatcapt=\box49
)
(e:/texlive/2020/texmf-dist/tex/latex/base/ifthen.sty
Package: ifthen 2014/09/29 v1.1c Standard LaTeX ifthen package (DPC)
)
\@float@every@algorithm=\toks33
\c@algorithm=\count197
)
(e:/texlive/2020/texmf-dist/tex/latex/sectsty/sectsty.sty
Package: sectsty 2002/02/25 v2.0.2 Commands to change all sectional heading sty
les


LaTeX Warning: Command \underbar  has changed.
               Check if current package is valid.


LaTeX Warning: Command \underline  has changed.
               Check if current package is valid.

) (e:/texlive/2020/texmf-dist/tex/latex/hyperref/hyperref.sty
Package: hyperref 2020/01/14 v7.00d Hypertext links for LaTeX

(e:/texlive/2020/texmf-dist/tex/generic/ltxcmds/ltxcmds.sty
Package: ltxcmds 2019/12/15 v1.24 LaTeX kernel commands for general use (HO)
)
(e:/texlive/2020/texmf-dist/tex/latex/pdftexcmds/pdftexcmds.sty
Package: pdftexcmds 2019/11/24 v0.31 Utility functions of pdfTeX for LuaTeX (HO
)

(e:/texlive/2020/texmf-dist/tex/generic/infwarerr/infwarerr.sty
Package: infwarerr 2019/12/03 v1.5 Providing info/warning/error messages (HO)
)
Package pdftexcmds Info: \pdf@primitive is available.
Package pdftexcmds Info: \pdf@ifprimitive is available.
Package pdftexcmds Info: \pdfdraftmode found.
)
(e:/texlive/2020/texmf-dist/tex/generic/kvsetkeys/kvsetkeys.sty
Package: kvsetkeys 2019/12/15 v1.18 Key value parser (HO)
)
(e:/texlive/2020/texmf-dist/tex/generic/kvdefinekeys/kvdefinekeys.sty
Package: kvdefinekeys 2019-12-19 v1.6 Define keys (HO)
)
(e:/texlive/2020/texmf-dist/tex/generic/pdfescape/pdfescape.sty
Package: pdfescape 2019/12/09 v1.15 Implements pdfTeX's escape features (HO)
)
(e:/texlive/2020/texmf-dist/tex/latex/hycolor/hycolor.sty
Package: hycolor 2020-01-27 v1.10 Color options for hyperref/bookmark (HO)
)
(e:/texlive/2020/texmf-dist/tex/latex/letltxmacro/letltxmacro.sty
Package: letltxmacro 2019/12/03 v1.6 Let assignment for LaTeX macros (HO)
)
(e:/texlive/2020/texmf-dist/tex/latex/auxhook/auxhook.sty
Package: auxhook 2019-12-17 v1.6 Hooks for auxiliary files (HO)
)
(e:/texlive/2020/texmf-dist/tex/latex/kvoptions/kvoptions.sty
Package: kvoptions 2019/11/29 v3.13 Key value format for package options (HO)
)
\@linkdim=\dimen165
\Hy@linkcounter=\count198
\Hy@pagecounter=\count199

(e:/texlive/2020/texmf-dist/tex/latex/hyperref/pd1enc.def
File: pd1enc.def 2020/01/14 v7.00d Hyperref: PDFDocEncoding definition (HO)
Now handling font encoding PD1 ...
... no UTF-8 mapping file for font encoding PD1
)
(e:/texlive/2020/texmf-dist/tex/generic/intcalc/intcalc.sty
Package: intcalc 2019/12/15 v1.3 Expandable calculations with integers (HO)
)
(e:/texlive/2020/texmf-dist/tex/generic/etexcmds/etexcmds.sty
Package: etexcmds 2019/12/15 v1.7 Avoid name clashes with e-TeX commands (HO)
)
\Hy@SavedSpaceFactor=\count266
Package hyperref Info: Option `colorlinks' set `true' on input line 4421.
Package hyperref Info: Hyper figures OFF on input line 4547.
Package hyperref Info: Link nesting OFF on input line 4552.
Package hyperref Info: Hyper index ON on input line 4555.
Package hyperref Info: Plain pages OFF on input line 4562.
Package hyperref Info: Backreferencing OFF on input line 4567.
Package hyperref Info: Implicit mode ON; LaTeX internals redefined.
Package hyperref Info: Bookmarks ON on input line 4800.
\c@Hy@tempcnt=\count267

(e:/texlive/2020/texmf-dist/tex/latex/url/url.sty
\Urlmuskip=\muskip17
Package: url 2013/09/16  ver 3.4  Verb mode for urls, etc.
)
LaTeX Info: Redefining \url on input line 5159.
\XeTeXLinkMargin=\dimen166

(e:/texlive/2020/texmf-dist/tex/generic/bitset/bitset.sty
Package: bitset 2019/12/09 v1.3 Handle bit-vector datatype (HO)

(e:/texlive/2020/texmf-dist/tex/generic/bigintcalc/bigintcalc.sty
Package: bigintcalc 2019/12/15 v1.5 Expandable calculations on big integers (HO
)
))
\Fld@menulength=\count268
\Field@Width=\dimen167
\Fld@charsize=\dimen168
Package hyperref Info: Hyper figures OFF on input line 6430.
Package hyperref Info: Link nesting OFF on input line 6435.
Package hyperref Info: Hyper index ON on input line 6438.
Package hyperref Info: backreferencing OFF on input line 6445.
Package hyperref Info: Link coloring ON on input line 6448.
Package hyperref Info: Link coloring with OCG OFF on input line 6455.
Package hyperref Info: PDF/A mode OFF on input line 6460.
LaTeX Info: Redefining \ref on input line 6500.
LaTeX Info: Redefining \pageref on input line 6504.

(e:/texlive/2020/texmf-dist/tex/generic/atbegshi/atbegshi.sty
Package: atbegshi 2019/12/05 v1.19 At begin shipout hook (HO)
)
\Hy@abspage=\count269
\c@Item=\count270
\c@Hfootnote=\count271
)
Package hyperref Info: Driver (autodetected): hpdftex.

(e:/texlive/2020/texmf-dist/tex/latex/hyperref/hpdftex.def
File: hpdftex.def 2020/01/14 v7.00d Hyperref driver for pdfTeX

(e:/texlive/2020/texmf-dist/tex/latex/atveryend/atveryend.sty
Package: atveryend 2019-12-11 v1.11 Hooks at the very end of document (HO)
Package atveryend Info: \enddocument detected (standard20110627).
)
\Fld@listcount=\count272
\c@bookmark@seq@number=\count273

(e:/texlive/2020/texmf-dist/tex/latex/rerunfilecheck/rerunfilecheck.sty
Package: rerunfilecheck 2019/12/05 v1.9 Rerun checks for auxiliary files (HO)

(e:/texlive/2020/texmf-dist/tex/generic/uniquecounter/uniquecounter.sty
Package: uniquecounter 2019/12/15 v1.4 Provide unlimited unique counter (HO)
)
Package uniquecounter Info: New unique counter `rerunfilecheck' on input line 2
86.
)
\Hy@SectionHShift=\skip63
)
(e:/texlive/2020/texmf-dist/tex/latex/amsfonts/amssymb.sty
Package: amssymb 2013/01/14 v3.01 AMS font symbols
)
(e:/texlive/2020/texmf-dist/tex/latex/appendix/appendix.sty
Package: appendix 2020/02/08 v1.2c extra appendix facilities
\c@@pps=\count274
\c@@ppsavesec=\count275
\c@@ppsaveapp=\count276
)
(e:/texlive/2020/texmf-dist/tex/latex/amsfonts/euscript.sty
Package: euscript 2009/06/22 v3.00 Euler Script fonts
LaTeX Font Info:    Overwriting math alphabet `\EuScript' in version `bold'
(Font)                  U/eus/m/n --> U/eus/b/n on input line 33.
)
(e:/texlive/2020/texmf-dist/tex/latex/chngcntr/chngcntr.sty
Package: chngcntr 2018/04/09 v1.1a change counter resetting
)
(e:/texlive/2020/texmf-dist/tex/latex/apptools/apptools.sty
Package: apptools 2012/11/28 v1.0 Tools for customizing appendices
)
(e:/texlive/2020/texmf-dist/tex/latex/booktabs/booktabs.sty
Package: booktabs 2020/01/12 v1.61803398 Publication quality tables
\heavyrulewidth=\dimen169
\lightrulewidth=\dimen170
\cmidrulewidth=\dimen171
\belowrulesep=\dimen172
\belowbottomsep=\dimen173
\aboverulesep=\dimen174
\abovetopsep=\dimen175
\cmidrulesep=\dimen176
\cmidrulekern=\dimen177
\defaultaddspace=\dimen178
\@cmidla=\count277
\@cmidlb=\count278
\@aboverulesep=\dimen179
\@belowrulesep=\dimen180
\@thisruleclass=\count279
\@lastruleclass=\count280
\@thisrulewidth=\dimen181
)
(e:/texlive/2020/texmf-dist/tex/latex/graphics/lscape.sty
Package: lscape 2000/10/22 v3.01 Landscape Pages (DPC)
)
(e:/texlive/2020/texmf-dist/tex/latex/arydshln/arydshln.sty
Package: arydshln 2019/02/21 v1.76 
\dashlinedash=\dimen182
\dashlinegap=\dimen183
\adl@box=\box50
\adl@height=\dimen184
\adl@heightsave=\dimen185
\adl@depth=\dimen186
\adl@depthsave=\dimen187
\adl@finaldepth=\dimen188
\adl@columns=\count281
\adl@ncol=\count282
\adl@currentcolumn=\count283
\adl@currentcolumnsave=\count284
\adl@totalheight=\count285
\adl@totalheightsave=\count286
\adl@dash=\count287
\adl@gap=\count288
\adl@cla=\count289
\adl@clb=\count290
\adl@everyvbox=\toks34
\adl@LTpagetotal=\dimen189
)
(e:/texlive/2020/texmf-dist/tex/latex/soul/soul.sty
Package: soul 2003/11/17 v2.4 letterspacing/underlining (mf)
\SOUL@word=\toks35
\SOUL@lasttoken=\toks36
\SOUL@cmds=\toks37
\SOUL@buffer=\toks38
\SOUL@token=\toks39
\SOUL@spaceskip=\skip64
\SOUL@ttwidth=\dimen190
\SOUL@uldp=\dimen191
\SOUL@ulht=\dimen192
)
\c@assumption=\count291
\c@definition=\count292
\c@example=\count293
\c@lemma=\count294
\c@proposition=\count295
\c@theorem=\count296
\c@corollary=\count297
\c@remark=\count298
Package hyperref Info: Option `colorlinks' set `true' on input line 62.

(e:/texlive/2020/texmf-dist/tex/latex/l3backend/l3backend-pdfmode.def
File: l3backend-pdfmode.def 2020-03-12 L3 backend support: PDF mode
\l__kernel_color_stack_int=\count299
\l__pdf_internal_box=\box51
)
No file TensorAR.aux.
\openout1 = `TensorAR.aux'.

LaTeX Font Info:    Checking defaults for OML/cmm/m/it on input line 76.
LaTeX Font Info:    ... okay on input line 76.
LaTeX Font Info:    Checking defaults for OMS/cmsy/m/n on input line 76.
LaTeX Font Info:    ... okay on input line 76.
LaTeX Font Info:    Checking defaults for OT1/cmr/m/n on input line 76.
LaTeX Font Info:    ... okay on input line 76.
LaTeX Font Info:    Checking defaults for T1/cmr/m/n on input line 76.
LaTeX Font Info:    ... okay on input line 76.
LaTeX Font Info:    Checking defaults for TS1/cmr/m/n on input line 76.
LaTeX Font Info:    ... okay on input line 76.
LaTeX Font Info:    Checking defaults for OMX/cmex/m/n on input line 76.
LaTeX Font Info:    ... okay on input line 76.
LaTeX Font Info:    Checking defaults for U/cmr/m/n on input line 76.
LaTeX Font Info:    ... okay on input line 76.
LaTeX Font Info:    Checking defaults for PD1/pdf/m/n on input line 76.
LaTeX Font Info:    ... okay on input line 76.
*geometry* driver: auto-detecting
*geometry* detected driver: pdftex
*geometry* verbose mode - [ preamble ] result:
* driver: pdftex
* paper: <default>
* layout: <same size as paper>
* layoutoffset:(h,v)=(0.0pt,0.0pt)
* modes: 
* h-part:(L,W,R)=(72.26999pt, 469.75502pt, 72.26999pt)
* v-part:(T,H,B)=(72.26999pt, 650.43001pt, 72.26999pt)
* \paperwidth=614.295pt
* \paperheight=794.96999pt
* \textwidth=469.75502pt
* \textheight=650.43001pt
* \oddsidemargin=0.0pt
* \evensidemargin=0.0pt
* \topmargin=-37.0pt
* \headheight=12.0pt
* \headsep=25.0pt
* \topskip=12.0pt
* \footskip=30.0pt
* \marginparwidth=44.0pt
* \marginparsep=10.0pt
* \columnsep=10.0pt
* \skip\footins=10.8pt plus 4.0pt minus 2.0pt
* \hoffset=0.0pt
* \voffset=0.0pt
* \mag=1000
* \@twocolumnfalse
* \@twosidefalse
* \@mparswitchfalse
* \@reversemarginfalse
* (1in=72.27pt=25.4mm, 1cm=28.453pt)

(e:/texlive/2020/texmf-dist/tex/context/base/mkii/supp-pdf.mkii
[Loading MPS to PDF converter (version 2006.09.02).]
\scratchcounter=\count300
\scratchdimen=\dimen193
\scratchbox=\box52
\nofMPsegments=\count301
\nofMParguments=\count302
\everyMPshowfont=\toks40
\MPscratchCnt=\count303
\MPscratchDim=\dimen194
\MPnumerator=\count304
\makeMPintoPDFobject=\count305
\everyMPtoPDFconversion=\toks41
) (e:/texlive/2020/texmf-dist/tex/latex/epstopdf-pkg/epstopdf-base.sty
Package: epstopdf-base 2020-01-24 v2.11 Base part for package epstopdf
Package epstopdf-base Info: Redefining graphics rule for `.eps' on input line 4
85.

(e:/texlive/2020/texmf-dist/tex/latex/latexconfig/epstopdf-sys.cfg
File: epstopdf-sys.cfg 2010/07/13 v1.3 Configuration of (r)epstopdf for TeX Liv
e
))
\AtBeginShipoutBox=\box53
Package hyperref Info: Link coloring ON on input line 76.

(e:/texlive/2020/texmf-dist/tex/latex/hyperref/nameref.sty
Package: nameref 2019/09/16 v2.46 Cross-referencing by name of section

(e:/texlive/2020/texmf-dist/tex/latex/refcount/refcount.sty
Package: refcount 2019/12/15 v3.6 Data extraction from label references (HO)
)
(e:/texlive/2020/texmf-dist/tex/generic/gettitlestring/gettitlestring.sty
Package: gettitlestring 2019/12/15 v1.6 Cleanup title references (HO)
)
\c@section@level=\count306
)
LaTeX Info: Redefining \ref on input line 76.
LaTeX Info: Redefining \pageref on input line 76.
LaTeX Info: Redefining \nameref on input line 76.
\@outlinefile=\write4
\openout4 = `TensorAR.out'.

LaTeX Font Info:    Trying to load font information for U+rsfs on input line 81
.

(e:/texlive/2020/texmf-dist/tex/latex/jknapltx/ursfs.fd
File: ursfs.fd 1998/03/24 rsfs font definition file (jk)
)
LaTeX Font Info:    Trying to load font information for U+msa on input line 81.


(e:/texlive/2020/texmf-dist/tex/latex/amsfonts/umsa.fd
File: umsa.fd 2013/01/14 v3.01 AMS symbols A
)
LaTeX Font Info:    Trying to load font information for U+msb on input line 81.


(e:/texlive/2020/texmf-dist/tex/latex/amsfonts/umsb.fd
File: umsb.fd 2013/01/14 v3.01 AMS symbols B
) [1

{e:/texlive/2020/texmf-var/fonts/map/pdftex/updmap/pdftex.map}]

Package natbib Warning: Citation `chen2019factor' on page 2 undefined on input 
line 97.


Package natbib Warning: Citation `chen2019modeling' on page 2 undefined on inpu
t line 97.


Package natbib Warning: Citation `walden2002wavelet' on page 2 undefined on inp
ut line 97.

LaTeX Font Info:    Trying to load font information for U+eus on input line 99.

(e:/texlive/2020/texmf-dist/tex/latex/amsfonts/ueus.fd
File: ueus.fd 2013/01/14 v3.01 Euler Script
)

LaTeX Warning: Reference `eq:VAR' on page 2 undefined on input line 104.


LaTeX Warning: Reference `sec:realdata' on page 2 undefined on input line 107.


Package natbib Warning: Citation `tucker1966some' on page 2 undefined on input 
line 110.


LaTeX Warning: Reference `eq:VAR' on page 2 undefined on input line 110.

[2]

LaTeX Warning: Reference `sec:LRTAR' on page 3 undefined on input line 112.


Package natbib Warning: Citation `wang2016factor' on page 3 undefined on input 
line 118.


Package natbib Warning: Citation `chen2017constrained' on page 3 undefined on i
nput line 118.


Package natbib Warning: Citation `chen2019factor' on page 3 undefined on input 
line 118.


Package natbib Warning: Citation `negahban2011estimation' on page 3 undefined o
n input line 118.


Package natbib Warning: Citation `basu2015regularized' on page 3 undefined on i
nput line 118.


Package natbib Warning: Citation `han2015direct' on page 3 undefined on input l
ine 118.


Package natbib Warning: Citation `wang2019high' on page 3 undefined on input li
ne 118.


Package natbib Warning: Citation `zheng20' on page 3 undefined on input line 11
8.


Package natbib Warning: Citation `chen2018autoregressive' on page 3 undefined o
n input line 118.


Package natbib Warning: Citation `hoff15' on page 3 undefined on input line 118
.


LaTeX Warning: Reference `sec:LRTAR' on page 3 undefined on input line 118.


LaTeX Warning: Reference `fg:Fig_TAR' on page 3 undefined on input line 118.


Package natbib Warning: Citation `gandy2011tensor' on page 3 undefined on input
 line 120.


Package natbib Warning: Citation `tomioka2011statistical' on page 3 undefined o
n input line 120.


Package natbib Warning: Citation `liu2013tensor' on page 3 undefined on input l
ine 120.


Package natbib Warning: Citation `raskutti2019convex' on page 3 undefined on in
put line 120.

[3]

Package natbib Warning: Citation `negahban2011estimation' on page 4 undefined o
n input line 122.


LaTeX Warning: Reference `eq:VAR' on page 4 undefined on input line 122.


LaTeX Warning: Reference `thm:MN' on page 4 undefined on input line 122.


LaTeX Warning: Reference `subsec:sqrmode' on page 4 undefined on input line 124
.


LaTeX Warning: Reference `thm:SSN' on page 4 undefined on input line 124.


LaTeX Warning: Reference `sec:sim' on page 4 undefined on input line 124.


Package natbib Warning: Citation `mu2014square' on page 4 undefined on input li
ne 124.

[4]

Package natbib Warning: Citation `DingCook18' on page 5 undefined on input line
 127.


Package natbib Warning: Citation `raskutti2019convex' on page 5 undefined on in
put line 128.


Package natbib Warning: Citation `chen2019non' on page 5 undefined on input lin
e 128.


Package natbib Warning: Citation `han2020optimal' on page 5 undefined on input 
line 128.

[5]

LaTeX Warning: Reference `sec:prelim' on page 6 undefined on input line 148.


LaTeX Warning: Reference `sec:LRTAR' on page 6 undefined on input line 148.


LaTeX Warning: Reference `sec:LDM' on page 6 undefined on input line 148.


LaTeX Warning: Reference `sec:HDM' on page 6 undefined on input line 148.


LaTeX Warning: Reference `sec:sim' on page 6 undefined on input line 148.


LaTeX Warning: Reference `sec:realdata' on page 6 undefined on input line 148.


LaTeX Warning: Reference `sec:conclusion' on page 6 undefined on input line 148
.


Package natbib Warning: Citation `kolda2009tensor' on page 6 undefined on input
 line 151.

[6] [7]

Package natbib Warning: Citation `tucker1966some' on page 8 undefined on input 
line 203.


Package natbib Warning: Citation `deLathauwer2000multilinear' on page 8 undefin
ed on input line 203.

[8]

LaTeX Warning: Reference `eq:Tucker' on page 9 undefined on input line 209.


LaTeX Warning: Reference `eq:Tucker' on page 9 undefined on input line 221.


LaTeX Warning: Reference `eq:Tucker' on page 9 undefined on input line 222.

[9]

LaTeX Warning: Reference `eq:tensorinner' on page 10 undefined on input line 23
3.


LaTeX Warning: Reference `eq:vecinner' on page 10 undefined on input line 233.


LaTeX Warning: Reference `eq:LTRTAR_model' on page 10 undefined on input line 2
33.


LaTeX Warning: Reference `eq:VAR' on page 10 undefined on input line 233.


LaTeX Warning: Reference `eq:mmmat' on page 10 undefined on input line 241.


LaTeX Warning: Reference `eq:LTRTAR_model' on page 10 undefined on input line 2
41.


LaTeX Font Warning: Command \Large invalid in math mode on input line 243.


LaTeX Font Warning: Command \Large invalid in math mode on input line 243.


LaTeX Font Warning: Command \normalsize invalid in math mode on input line 243.



LaTeX Font Warning: Command \Large invalid in math mode on input line 243.


LaTeX Font Warning: Command \Large invalid in math mode on input line 243.

LaTeX Font Info:    Calculating math sizes for size <> on input line 244.

LaTeX Font Warning: Font shape `OT1/cmr/m/n' in size <> not available
(Font)              size <5> substituted on input line 244.


LaTeX Font Warning: Font shape `OT1/cmr/m/n' in size <0.7> not available
(Font)              size <5> substituted on input line 244.


LaTeX Font Warning: Font shape `OT1/cmr/m/n' in size <0.5> not available
(Font)              size <5> substituted on input line 244.


LaTeX Font Warning: Font shape `OML/cmm/m/it' in size <> not available
(Font)              size <5> substituted on input line 244.


LaTeX Font Warning: Font shape `OML/cmm/m/it' in size <0.7> not available
(Font)              size <5> substituted on input line 244.


LaTeX Font Warning: Font shape `OML/cmm/m/it' in size <0.5> not available
(Font)              size <5> substituted on input line 244.


LaTeX Font Warning: Font shape `OMS/cmsy/m/n' in size <> not available
(Font)              size <5> substituted on input line 244.


LaTeX Font Warning: Font shape `OMS/cmsy/m/n' in size <0.7> not available
(Font)              size <5> substituted on input line 244.


LaTeX Font Warning: Font shape `OMS/cmsy/m/n' in size <0.5> not available
(Font)              size <5> substituted on input line 244.


LaTeX Font Warning: Font shape `U/rsfs/m/n' in size <> not available
(Font)              size <5> substituted on input line 244.


LaTeX Font Warning: Font shape `U/rsfs/m/n' in size <0.7> not available
(Font)              size <5> substituted on input line 244.


LaTeX Font Warning: Font shape `U/rsfs/m/n' in size <0.5> not available
(Font)              size <5> substituted on input line 244.


LaTeX Warning: Reference `eq:VAR' on page 10 undefined on input line 247.


LaTeX Warning: Reference `eq:LTRTAR_model' on page 10 undefined on input line 2
47.


LaTeX Warning: Reference `eq:VAR_rep' on page 10 undefined on input line 253.


LaTeX Warning: Reference `eq:LTRTAR_model' on page 10 undefined on input line 2
53.

[10]

LaTeX Warning: Reference `eq:inner_ex' on page 11 undefined on input line 264.


LaTeX Warning: Reference `eq:inner_out' on page 11 undefined on input line 264.



LaTeX Warning: Reference `eq:LTRTAR_model' on page 11 undefined on input line 2
64.


LaTeX Warning: Reference `eq:Tucker_model' on page 11 undefined on input line 2
64.


LaTeX Warning: Reference `eq:factor_model' on page 11 undefined on input line 2
73.


LaTeX Warning: Reference `eq:factor_model' on page 11 undefined on input line 2
73.


LaTeX Warning: Reference `eq:VAR_rep' on page 11 undefined on input line 278.


LaTeX Warning: Reference `eq:factor_model' on page 11 undefined on input line 2
82.


Package natbib Warning: Citation `chen2018autoregressive' on page 11 undefined 
on input line 286.


Package natbib Warning: Citation `hoff15' on page 11 undefined on input line 28
6.


LaTeX Warning: Reference `eq:VAR_mat' on page 11 undefined on input line 295.


LaTeX Warning: Reference `eq:bilinear_vec' on page 11 undefined on input line 2
95.


LaTeX Warning: Reference `eq:bilinear' on page 11 undefined on input line 295.


LaTeX Warning: Reference `fg:Fig_TAR' on page 11 undefined on input line 295.


Package natbib Warning: Citation `hoff15' on page 11 undefined on input line 29
6.

[11]

LaTeX Warning: Reference `eq:multilinear' on page 12 undefined on input line 30
0.


LaTeX Warning: Reference `eq:multilinear_vec' on page 12 undefined on input lin
e 305.


LaTeX Warning: Reference `eq:VAR_rep' on page 12 undefined on input line 305.


LaTeX Warning: Reference `eq:dim' on page 12 undefined on input line 306.


Package natbib Warning: Citation `chen2018autoregressive' on page 12 undefined 
on input line 306.


Package natbib Warning: Citation `hoff15' on page 12 undefined on input line 30
6.

<Fig_TAR.pdf, id=76, 1203.62184pt x 400.03653pt>
File: Fig_TAR.pdf Graphic file (type pdf)
<use Fig_TAR.pdf>
Package pdftex.def Info: Fig_TAR.pdf  used on input line 311.
(pdftex.def)             Requested size: 446.26582pt x 148.3225pt.

Package natbib Warning: Citation `SW11' on page 12 undefined on input line 317.



Package natbib Warning: Citation `BW16' on page 12 undefined on input line 317.


[12 <./Fig_TAR.pdf>]

LaTeX Warning: Reference `eq:dfm_tensor' on page 13 undefined on input line 322
.


LaTeX Warning: Reference `eq:dfm_tensor' on page 13 undefined on input line 326
.


Package natbib Warning: Citation `chen2019factor' on page 13 undefined on input
 line 326.


LaTeX Warning: Reference `eq:dfm_tensor' on page 13 undefined on input line 326
.


LaTeX Warning: Reference `subsec:trunc' on page 13 undefined on input line 338.



LaTeX Warning: Reference `eq:LTR' on page 13 undefined on input line 342.


Package natbib Warning: Citation `shapiro1986asymptotic' on page 13 undefined o
n input line 342.

[13]

LaTeX Warning: Reference `eq:LTRTAR_model' on page 14 undefined on input line 3
58.


LaTeX Warning: Reference `asmp:stationary' on page 14 undefined on input line 3
58.


Package natbib Warning: Citation `shapiro1986asymptotic' on page 14 undefined o
n input line 365.


LaTeX Warning: Reference `thm:Asymptotic' on page 14 undefined on input line 36
5.


LaTeX Warning: Reference `thm:Asymptotic' on page 14 undefined on input line 36
5.


LaTeX Warning: Reference `thm:Asymptotic' on page 14 undefined on input line 37
4.


LaTeX Warning: Reference `eq:VAR_rep' on page 14 undefined on input line 374.

[14]

LaTeX Warning: Reference `eq:LTRTAR_model' on page 15 undefined on input line 3
83.


LaTeX Warning: Reference `thm:Asymptotic' on page 15 undefined on input line 38
7.


Overfull \hbox (8.27171pt too wide) in paragraph at lines 387--388
[][]\OT1/cmr/bx/n/12 Corollary 1. []\OT1/cmr/m/it/12 If the con-di-tions of The
-o-rem [] hold, then $[][]\OT1/cmr/m/n/12 (([][] \OMS/cmsy/m/n/12 ^^@ []\OT1/cm
r/m/n/12 )[]) \OMS/cmsy/m/n/12 ! \OML/cmm/m/it/12 N\OT1/cmr/m/n/12 (0\OML/cmm/m
/it/12 ; [][]\OT1/cmr/m/n/12 )$
 []


LaTeX Warning: Reference `eq:LTR' on page 15 undefined on input line 390.


LaTeX Warning: Reference `eq:VAR_rep' on page 15 undefined on input line 390.


LaTeX Warning: Reference `eq:LTR' on page 15 undefined on input line 390.


LaTeX Warning: Reference `alg:LSE' on page 15 undefined on input line 401.

Package hyperref Info: bookmark level for unknown algorithm defaults to 0 on in
put line 404.

LaTeX Warning: Reference `eq:LTR' on page 15 undefined on input line 420.


LaTeX Warning: Reference `alg:LSE' on page 15 undefined on input line 420.


LaTeX Warning: Reference `alg:LSE' on page 15 undefined on input line 420.


Package natbib Warning: Citation `Zhou13' on page 15 undefined on input line 42
0.


Package natbib Warning: Citation `li2018tucker' on page 15 undefined on input l
ine 420.

[15]

LaTeX Warning: Reference `eq:LTRTAR_model' on page 16 undefined on input line 4
32.

[16]

LaTeX Warning: Reference `eq:LTRTAR_model' on page 17 undefined on input line 4
34.


Package natbib Warning: Citation `gandy2011tensor' on page 17 undefined on inpu
t line 438.


Package natbib Warning: Citation `tomioka2011statistical' on page 17 undefined 
on input line 438.


Package natbib Warning: Citation `liu2013tensor' on page 17 undefined on input 
line 438.


Package natbib Warning: Citation `raskutti2019convex' on page 17 undefined on i
nput line 438.


LaTeX Warning: Reference `asmp:gaussian' on page 17 undefined on input line 453
.


Package natbib Warning: Citation `basu2015regularized' on page 17 undefined on 
input line 453.


Package natbib Warning: Citation `raskutti2019convex' on page 17 undefined on i
nput line 453.


LaTeX Warning: Reference `lemma:deviation' on page 17 undefined on input line 4
53.


LaTeX Warning: Reference `subsec:auxlemma' on page 17 undefined on input line 4
53.

[17]

Package natbib Warning: Citation `basu2015regularized' on page 18 undefined on 
input line 456.


LaTeX Warning: Reference `sec:LDM' on page 18 undefined on input line 461.


LaTeX Warning: Reference `asmp:stationary' on page 18 undefined on input line 4
76.


LaTeX Warning: Reference `asmp:gaussian' on page 18 undefined on input line 476
.


LaTeX Warning: Reference `thm:SN' on page 18 undefined on input line 484.


Package natbib Warning: Citation `tomioka2011statistical' on page 18 undefined 
on input line 485.

[18]

Package natbib Warning: Citation `mu2014square' on page 19 undefined on input l
ine 487.


Package natbib Warning: Citation `raskutti2019convex' on page 19 undefined on i
nput line 487.


LaTeX Warning: Reference `thm:SN' on page 19 undefined on input line 487.


LaTeX Warning: Reference `lemma:deviation' on page 19 undefined on input line 4
87.


LaTeX Warning: Reference `subsec:lemma' on page 19 undefined on input line 487.



LaTeX Warning: Reference `eq:RRR' on page 19 undefined on input line 490.


LaTeX Warning: Reference `eq:VAR_rep' on page 19 undefined on input line 490.


Package natbib Warning: Citation `negahban2011estimation' on page 19 undefined 
on input line 490.


LaTeX Warning: Reference `asmp:stationary' on page 19 undefined on input line 4
97.


LaTeX Warning: Reference `asmp:gaussian' on page 19 undefined on input line 497
.


Overfull \hbox (13.50677pt too wide) in paragraph at lines 497--498
[][]\OT1/cmr/bx/n/12 Theorem 3. []\OT1/cmr/m/it/12 Un-der As-sump-tions [] and 
[], if $\OML/cmm/m/it/12 T \U/msa/m/n/12 & \OT1/cmr/m/n/12 [1 + [](\OML/cmm/m/i
t/12 ^^T[]; ^^T[]\OT1/cmr/m/n/12 )\OML/cmm/m/it/12 M[]\OT1/cmr/m/n/12 ]\OML/cmm
/m/it/12 p$\OT1/cmr/m/it/12 , $\OML/cmm/m/it/12 ^^U[] \U/msa/m/n/12 & \OML/cmm/
m/it/12 ^^T[]M[][]$\OT1/cmr/m/it/12 ,
 []

[19]

LaTeX Warning: Reference `thm:MN' on page 20 undefined on input line 503.


Package natbib Warning: Citation `negahban2011estimation' on page 20 undefined 
on input line 503.


LaTeX Warning: Reference `thm:SN' on page 20 undefined on input line 503.


Package natbib Warning: Citation `mu2014square' on page 20 undefined on input l
ine 505.


LaTeX Warning: Reference `thm:MN' on page 20 undefined on input line 505.


LaTeX Warning: Reference `eq:SN_norm' on page 20 undefined on input line 509.

Excluding 'comment' comment.

LaTeX Warning: Reference `eq:SN_norm' on page 20 undefined on input line 537.


LaTeX Warning: Reference `eq:matrixnuclear' on page 20 undefined on input line 
537.

[20]

LaTeX Warning: Reference `eq:SN_norm' on page 21 undefined on input line 556.

[21]

LaTeX Warning: Reference `asmp:stationary' on page 22 undefined on input line 5
60.


LaTeX Warning: Reference `asmp:gaussian' on page 22 undefined on input line 560
.


LaTeX Warning: Reference `thm:SN' on page 22 undefined on input line 575.


LaTeX Warning: Reference `thm:SSN' on page 22 undefined on input line 575.


LaTeX Warning: Reference `thm:SN' on page 22 undefined on input line 575.


LaTeX Warning: Reference `thm:SSN' on page 22 undefined on input line 575.


LaTeX Warning: Reference `thm:SSN' on page 22 undefined on input line 580.


LaTeX Warning: Reference `thm:SN' on page 22 undefined on input line 580.


LaTeX Warning: Reference `thm:SSN' on page 22 undefined on input line 580.


LaTeX Warning: Reference `table1' on page 22 undefined on input line 580.


LaTeX Warning: Reference `table1' on page 22 undefined on input line 584.


LaTeX Warning: Reference `sec:sim' on page 22 undefined on input line 584.


LaTeX Warning: Reference `thm:SSN' on page 22 undefined on input line 585.


LaTeX Warning: Reference `lemma:dualnorm' on page 22 undefined on input line 58
5.


LaTeX Warning: Reference `subsec:lemma' on page 22 undefined on input line 585.



Package natbib Warning: Citation `Han_Xu_Liu2015' on page 22 undefined on input
 line 585.

[22] Excluding 'comment' comment.

LaTeX Warning: Reference `sec:LRTAR' on page 23 undefined on input line 613.

[23]

LaTeX Warning: Reference `asmp:truncate' on page 24 undefined on input line 631
.


LaTeX Warning: Reference `asmp:truncate' on page 24 undefined on input line 631
.


LaTeX Warning: Reference `thm:SSN' on page 24 undefined on input line 636.


LaTeX Warning: Reference `asmp:truncate' on page 24 undefined on input line 636
.


LaTeX Warning: Reference `asmp:truncate' on page 24 undefined on input line 644
.


Package natbib Warning: Citation `negahban2011estimation' on page 24 undefined 
on input line 651.

[24]

LaTeX Warning: Reference `eq:SSN_est' on page 25 undefined on input line 653.


LaTeX Warning: Reference `eq:objective' on page 25 undefined on input line 657.



Package natbib Warning: Citation `gandy2011tensor' on page 25 undefined on inpu
t line 657.


Package natbib Warning: Citation `boyd2011distributed' on page 25 undefined on 
input line 657.


Package natbib Warning: Citation `gandy2011tensor' on page 25 undefined on inpu
t line 657.


LaTeX Warning: Reference `eq:objective' on page 25 undefined on input line 657.


[25]

LaTeX Warning: Reference `alg:SSN' on page 26 undefined on input line 680.


LaTeX Warning: Reference `alg:SSN' on page 26 undefined on input line 682.


Package natbib Warning: Citation `gandy2011tensor' on page 26 undefined on inpu
t line 682.


LaTeX Warning: Reference `eq:objective' on page 26 undefined on input line 682.



LaTeX Warning: Reference `eq:LTRTAR_model' on page 26 undefined on input line 6
91.


LaTeX Warning: Reference `asmp:stationary' on page 26 undefined on input line 6
91.


LaTeX Warning: Reference `sec:LDM' on page 26 undefined on input line 694.


LaTeX Warning: Reference `fg:simulation1' on page 26 undefined on input line 69
4.


LaTeX Warning: Reference `cor:OLSRRR' on page 26 undefined on input line 694.

[26]

LaTeX Warning: Reference `thm:SSN' on page 27 undefined on input line 698.


LaTeX Warning: Reference `tab1' on page 27 undefined on input line 699.


LaTeX Warning: Reference `fg:simulation2' on page 27 undefined on input line 69
9.


LaTeX Warning: Reference `fg:simulation2' on page 27 undefined on input line 69
9.


LaTeX Warning: Reference `sec:HDM' on page 27 undefined on input line 703.


LaTeX Warning: Reference `subsec:ADMM' on page 27 undefined on input line 703.


LaTeX Warning: Reference `fg:simulation3' on page 27 undefined on input line 70
3.

[27]

Package natbib Warning: Citation `French_data' on page 28 undefined on input li
ne 712.


Package natbib Warning: Citation `lam2012factor' on page 28 undefined on input 
line 720.

[28]

LaTeX Warning: Reference `ex1' on page 29 undefined on input line 722.


Package natbib Warning: Citation `chen2018autoregressive' on page 29 undefined 
on input line 722.


Package natbib Warning: Citation `wang2016factor' on page 29 undefined on input
 line 724.


LaTeX Warning: Reference `sec:HDM' on page 29 undefined on input line 726.


LaTeX Warning: Reference `ex1' on page 29 undefined on input line 729.


LaTeX Warning: Reference `eq:factor_model' on page 29 undefined on input line 7
29.


LaTeX Warning: Reference `ex1' on page 29 undefined on input line 729.


LaTeX Warning: Reference `ex2' on page 29 undefined on input line 729.


LaTeX Warning: Reference `fig:factor1' on page 29 undefined on input line 731.

[29]

LaTeX Warning: Reference `tbl:in-sample-error' on page 30 undefined on input li
ne 736.

[30]

Package natbib Warning: Citation `fama2015five' on page 31 undefined on input l
ine 742.


Package natbib Warning: Citation `French_data' on page 31 undefined on input li
ne 742.


LaTeX Warning: Reference `ex1' on page 31 undefined on input line 752.


Package natbib Warning: Citation `chen2019factor' on page 31 undefined on input
 line 760.


LaTeX Warning: Reference `fig:factor2' on page 31 undefined on input line 761.


LaTeX Warning: Reference `fig:factor1' on page 31 undefined on input line 761.

[31]

LaTeX Warning: Reference `tbl:in-sample-error2' on page 32 undefined on input l
ine 763.

[32]

Package natbib Warning: Citation `basu2015regularized' on page 33 undefined on 
input line 775.


Package natbib Warning: Citation `Davis2016' on page 33 undefined on input line
 775.


Package natbib Warning: Citation `wang2019high' on page 33 undefined on input l
ine 783.

[33]

Package natbib Warning: Citation `chen2019modeling' on page 34 undefined on inp
ut line 791.


Package natbib Warning: Citation `li2018tucker' on page 34 undefined on input l
ine 791.


Package natbib Warning: Citation `bi2018multilayer' on page 34 undefined on inp
ut line 791.


Package natbib Warning: Citation `frandsen2019understanding' on page 34 undefin
ed on input line 791.

[34]

LaTeX Warning: Reference `thm:Asymptotic' on page 35 undefined on input line 80
3.


LaTeX Warning: Reference `cor:OLSRRR' on page 35 undefined on input line 803.


LaTeX Warning: Reference `sec:LDM' on page 35 undefined on input line 803.


Package natbib Warning: Citation `shapiro1986asymptotic' on page 35 undefined o
n input line 803.


LaTeX Warning: Reference `thm:Asymptotic' on page 35 undefined on input line 80
5.


LaTeX Warning: Reference `eq:VAR_rep' on page 35 undefined on input line 806.


LaTeX Warning: Reference `asmp:stationary' on page 35 undefined on input line 8
11.


Package natbib Warning: Citation `shapiro1986asymptotic' on page 35 undefined o
n input line 817.


LaTeX Warning: Reference `eq:H' on page 35 undefined on input line 823.


Package natbib Warning: Citation `shapiro1986asymptotic' on page 35 undefined o
n input line 836.

[35

]

LaTeX Warning: Reference `cor:OLSRRR' on page 36 undefined on input line 887.


LaTeX Warning: Reference `thm:Asymptotic' on page 36 undefined on input line 88
8.


LaTeX Warning: Reference `thm:Asymptotic' on page 36 undefined on input line 89
8.


LaTeX Warning: Reference `eq:proj1' on page 36 undefined on input line 907.


LaTeX Warning: Reference `eq:proj2' on page 36 undefined on input line 907.


LaTeX Warning: Reference `thm:SN' on page 36 undefined on input line 919.


LaTeX Warning: Reference `thm:rankconsistency' on page 36 undefined on input li
ne 919.


LaTeX Warning: Reference `sec:HDM' on page 36 undefined on input line 919.


LaTeX Warning: Reference `sec:prelimproof' on page 36 undefined on input line 9
19.


LaTeX Warning: Reference `lemma:ApproxCone' on page 36 undefined on input line 
919.


LaTeX Warning: Reference `lemma:RSC' on page 36 undefined on input line 919.


LaTeX Warning: Reference `subsec:proof_theorem' on page 36 undefined on input l
ine 920.


LaTeX Warning: Reference `thm:SN' on page 36 undefined on input line 920.


LaTeX Warning: Reference `thm:rankconsistency' on page 36 undefined on input li
ne 920.


LaTeX Warning: Reference `lemma:ApproxCone' on page 36 undefined on input line 
920.


LaTeX Warning: Reference `lemma:RSC' on page 36 undefined on input line 920.


LaTeX Warning: Reference `subsec:lemma' on page 36 undefined on input line 920.



LaTeX Warning: Reference `subsec:auxlemma' on page 36 undefined on input line 9
20.

[36]

LaTeX Warning: Reference `thm:SN' on page 37 undefined on input line 924.


LaTeX Warning: Reference `thm:SSN' on page 37 undefined on input line 924.


LaTeX Warning: Reference `subsec:deterministic' on page 37 undefined on input l
ine 924.


LaTeX Warning: Reference `subsec:stochastic' on page 37 undefined on input line
 924.

[37]

LaTeX Warning: Reference `subsec:sqrmode' on page 38 undefined on input line 96
7.


LaTeX Warning: Reference `eq:subspace_N' on page 38 undefined on input line 978
.


LaTeX Warning: Reference `eq:subspace_M' on page 38 undefined on input line 978
.

[38]
Overfull \hbox (8.76878pt too wide) in paragraph at lines 1012--1013
[][]\OT1/cmr/bx/n/12 Lemma B.1. []\OT1/cmr/m/it/12 For the SSN es-ti-ma-tor, if
 the reg-u-lar-iza-tion pa-ram-e-ter $\OML/cmm/m/it/12 ^^U[] \OMS/cmsy/m/n/12 ^
^U \OT1/cmr/m/n/12 4\OMS/cmsy/m/n/12 k\OML/cmm/m/it/12 T[] [][] [][] \OMS/cmsy/
m/n/12 ^^N
 []


Overfull \hbox (24.4433pt too wide) in paragraph at lines 1016--1017
[]\OT1/cmr/m/it/12 For the MN es-ti-ma-tor, if the reg-u-lar-iza-tion pa-ram-e-
ter $\OML/cmm/m/it/12 ^^U[] \OMS/cmsy/m/n/12 ^^U \OT1/cmr/m/n/12 4\OMS/cmsy/m/n
/12 k\OML/cmm/m/it/12 T[] [][] []\OT1/cmr/m/n/12 ([][])[]([][])[]\OMS/cmsy/m/n/
12 k[]$\OT1/cmr/m/it/12 ,
 []


Package natbib Warning: Citation `negahban2012restricted' on page 39 undefined 
on input line 1019.


Package natbib Warning: Citation `negahban2012unified' on page 39 undefined on 
input line 1019.

[39]

LaTeX Warning: Reference `lemma:errorbound' on page 40 undefined on input line 
1050.


LaTeX Warning: Reference `asmp:stationary' on page 40 undefined on input line 1
061.


LaTeX Warning: Reference `asmp:gaussian' on page 40 undefined on input line 106
1.


LaTeX Warning: Reference `lemma:dualnorm' on page 40 undefined on input line 10
78.

[40]

LaTeX Warning: Reference `asmp:stationary' on page 41 undefined on input line 1
082.


LaTeX Warning: Reference `asmp:gaussian' on page 41 undefined on input line 108
2.


LaTeX Warning: Reference `thm:SN' on page 41 undefined on input line 1090.


LaTeX Warning: Reference `thm:rankconsistency' on page 41 undefined on input li
ne 1090.


LaTeX Warning: Reference `thm:SN' on page 41 undefined on input line 1093.


LaTeX Warning: Reference `thm:MN' on page 41 undefined on input line 1093.


LaTeX Warning: Reference `thm:SN' on page 41 undefined on input line 1094.


LaTeX Warning: Reference `thm:MN' on page 41 undefined on input line 1094.


LaTeX Warning: Reference `lemma:errorbound' on page 41 undefined on input line 
1094.


LaTeX Warning: Reference `lemma:RSC' on page 41 undefined on input line 1094.


LaTeX Warning: Reference `thm:SSN' on page 41 undefined on input line 1094.


LaTeX Warning: Reference `thm:SSN' on page 41 undefined on input line 1097.


LaTeX Warning: Reference `thm:SSN' on page 41 undefined on input line 1099.


LaTeX Warning: Reference `lemma:errorbound' on page 41 undefined on input line 
1099.


LaTeX Warning: Reference `lemma:RSC' on page 41 undefined on input line 1099.


LaTeX Warning: Reference `lemma:errorbound' on page 41 undefined on input line 
1100.


LaTeX Warning: Reference `lemma:dualnorm' on page 41 undefined on input line 11
07.


LaTeX Warning: Reference `lemma:RSC' on page 41 undefined on input line 1113.

[41]

LaTeX Warning: Reference `thm:rankconsistency' on page 42 undefined on input li
ne 1122.


LaTeX Warning: Reference `thm:SSN' on page 42 undefined on input line 1123.


Package natbib Warning: Citation `mirsky1960symmetric' on page 42 undefined on 
input line 1128.


LaTeX Warning: Reference `thm:SSN' on page 42 undefined on input line 1133.


LaTeX Warning: Reference `asmp:truncate' on page 42 undefined on input line 113
8.


LaTeX Warning: Reference `asmp:truncate' on page 42 undefined on input line 114
3.


LaTeX Warning: Reference `eq:singul' on page 42 undefined on input line 1143.

[42]

LaTeX Warning: Reference `eq:mirsky' on page 43 undefined on input line 1165.


LaTeX Warning: Reference `thm:SSN' on page 43 undefined on input line 1167.


LaTeX Warning: Reference `lemma:ApproxCone' on page 43 undefined on input line 
1170.


LaTeX Warning: Reference `lemma:RSC' on page 43 undefined on input line 1170.


LaTeX Warning: Reference `lemma:ApproxCone' on page 43 undefined on input line 
1174.

[43]

LaTeX Warning: Reference `lemma:errorbound' on page 44 undefined on input line 
1206.


LaTeX Warning: Reference `lemma:ApproxCone' on page 44 undefined on input line 
1208.

[44]

LaTeX Warning: Reference `lemma:ApproxCone' on page 45 undefined on input line 
1211.


Overfull \hbox (4.11063pt too wide) in paragraph at lines 1210--1212
[]\OT1/cmr/m/n/12 Note that $\OML/cmm/m/it/12 T[] [][] \OMS/cmsy/m/n/12 kh[]\OM
L/cmm/m/it/12 ; [][]\OMS/cmsy/m/n/12 ik[] \OT1/cmr/m/n/12 = \OML/cmm/m/it/12 T[
] [][] \OMS/cmsy/m/n/12 k[][][][]k[]$\OT1/cmr/m/n/12 . Fol-low-ing the proof of
 Lemma
 []


Package natbib Warning: Citation `negahban2011estimation' on page 45 undefined 
on input line 1219.

[45]

LaTeX Warning: Reference `lemma:dualnorm' on page 46 undefined on input line 12
51.


Package natbib Warning: Citation `tomioka2011statistical' on page 46 undefined 
on input line 1256.


LaTeX Warning: Reference `lemma:deviation' on page 46 undefined on input line 1
270.

[46]

LaTeX Warning: Reference `lemma:deviation' on page 47 undefined on input line 1
296.


LaTeX Warning: Reference `lemma:RSC' on page 47 undefined on input line 1299.


LaTeX Warning: Reference `lemma:deviation' on page 47 undefined on input line 1
300.


LaTeX Warning: Reference `lemma:deviation2' on page 47 undefined on input line 
1302.


LaTeX Warning: Reference `lemma:covering' on page 47 undefined on input line 13
09.

[47]

Package natbib Warning: Citation `basu2015regularized' on page 48 undefined on 
input line 1326.


LaTeX Warning: Reference `lemma:dualnorm' on page 48 undefined on input line 13
32.


LaTeX Warning: Reference `lemma:RSC' on page 48 undefined on input line 1332.


Overfull \hbox (18.599pt too wide) in paragraph at lines 1337--1338
[][]\OT1/cmr/bx/n/12 Lemma B.5 \OT1/cmr/m/n/12 (De-vi-a-tion bound on dif-fer-e
nt ma-tri-ciza-tions)\OT1/cmr/bx/n/12 . []\OT1/cmr/m/it/12 For any in-dex set $
\OML/cmm/m/it/12 I \OMS/cmsy/m/n/12 ^^Z f\OT1/cmr/m/n/12 1\OML/cmm/m/it/12 ; \O
T1/cmr/m/n/12 2\OML/cmm/m/it/12 ; [] ; \OT1/cmr/m/n/12 2\OML/cmm/m/it/12 d\OMS/
cmsy/m/n/12 g$\OT1/cmr/m/it/12 ,
 []

[48]
Overfull \hbox (21.70143pt too wide) in paragraph at lines 1371--1373
\OML/cmm/m/it/12 ^^T[]^^U[]\OT1/cmr/m/n/12 ([][])\OMS/cmsy/m/n/12 k[][][]k[]$\O
T1/cmr/m/n/12 -sub-Gaussian ran-dom vari-able. In other words, $\U/msb/m/n/12 E
\OT1/cmr/m/n/12 [[](\OML/cmm/m/it/12 m\OMS/cmsy/m/n/12 h[][]\OML/cmm/m/it/12 ; 
[][][]\OMS/cmsy/m/n/12 i\OT1/cmr/m/n/12 )] \OMS/cmsy/m/n/12 ^^T
 []


LaTeX Warning: Reference `lemma:deviation2' on page 49 undefined on input line 
1390.

[49]

LaTeX Warning: Reference `eq:martingale_deviation' on page 50 undefined on inpu
t line 1423.


Package natbib Warning: Citation `candes2011tight' on page 50 undefined on inpu
t line 1432.


LaTeX Warning: Reference `eq:sup_covering' on page 50 undefined on input line 1
432.

[50]

Package natbib Warning: Citation `basu2015regularized' on page 51 undefined on 
input line 1444.


LaTeX Warning: Reference `eq:P' on page 51 undefined on input line 1470.

[51]

Package natbib Warning: Citation `Vershynin2018' on page 52 undefined on input 
line 1504.

[52] (./TensorAR.bbl [53] [54] [55]) [56]

pdfTeX warning: pdflatex.exe (file ./Rplot_sim1.pdf): PDF inclusion: found PDF 
version <1.7>, but at most version <1.5> allowed
<Rplot_sim1.pdf, id=385, 602.25pt x 401.5pt>
File: Rplot_sim1.pdf Graphic file (type pdf)
<use Rplot_sim1.pdf>
Package pdftex.def Info: Rplot_sim1.pdf  used on input line 1517.
(pdftex.def)             Requested size: 469.75502pt x 313.18098pt.

Overfull \hbox (11.57155pt too wide) in paragraph at lines 1523--1547
 [] 
 []



pdfTeX warning: pdflatex.exe (file ./Rplot_sim2.pdf): PDF inclusion: found PDF 
version <1.7>, but at most version <1.5> allowed
<Rplot_sim2.pdf, id=386, 677.53125pt x 331.2375pt>
File: Rplot_sim2.pdf Graphic file (type pdf)
<use Rplot_sim2.pdf>
Package pdftex.def Info: Rplot_sim2.pdf  used on input line 1554.
(pdftex.def)             Requested size: 469.75502pt x 229.66605pt.


pdfTeX warning: pdflatex.exe (file ./Rplot_sim3.pdf): PDF inclusion: found PDF 
version <1.7>, but at most version <1.5> allowed
<Rplot_sim3.pdf, id=387, 565.11125pt x 436.63126pt>
File: Rplot_sim3.pdf Graphic file (type pdf)
<use Rplot_sim3.pdf>
Package pdftex.def Info: Rplot_sim3.pdf  used on input line 1562.
(pdftex.def)             Requested size: 469.75502pt x 362.9635pt.
[57 <./Rplot_sim1.pdf>] [58 <./Rplot_sim2.pdf>] [59 <./Rplot_sim3.pdf>]
<factor_loading1.pdf, id=426, 711.31886pt x 256.0748pt>
File: factor_loading1.pdf Graphic file (type pdf)
<use factor_loading1.pdf>
Package pdftex.def Info: factor_loading1.pdf  used on input line 1572.
(pdftex.def)             Requested size: 469.75502pt x 169.11147pt.

Overfull \hbox (25.72557pt too wide) in paragraph at lines 1582--1595
 [] 
 []

[60 <./factor_loading1.pdf>]
<factor_loading2.pdf, id=441, 597.50786pt x 256.0748pt>
File: factor_loading2.pdf Graphic file (type pdf)
<use factor_loading2.pdf>
Package pdftex.def Info: factor_loading2.pdf  used on input line 1605.
(pdftex.def)             Requested size: 469.75502pt x 201.32391pt.

Overfull \hbox (34.9383pt too wide) in paragraph at lines 1614--1637
 [] 
 []


Package natbib Warning: There were undefined citations.

Package atveryend Info: Empty hook `BeforeClearDocument' on input line 1643.
[61 <./factor_loading2.pdf>]
Package atveryend Info: Empty hook `AfterLastShipout' on input line 1643.
 (./TensorAR.aux

Package natbib Warning: Citation(s) may have changed.
(natbib)                Rerun to get citations correct.

)
Package atveryend Info: Executing hook `AtVeryEndDocument' on input line 1643.
Package atveryend Info: Executing hook `AtEndAfterFileList' on input line 1643.



Package rerunfilecheck Warning: File `TensorAR.out' has changed.
(rerunfilecheck)                Rerun to get outlines right
(rerunfilecheck)                or use package `bookmark'.

Package rerunfilecheck Info: Checksums for `TensorAR.out':
(rerunfilecheck)             Before: <no file>
(rerunfilecheck)             After:  344832C53A673B32C12E658DA28DE840;1617.

LaTeX Font Warning: Size substitutions with differences
(Font)              up to 4.5pt have occurred.


LaTeX Warning: There were undefined references.


LaTeX Warning: Label(s) may have changed. Rerun to get cross-references right.

Package atveryend Info: Empty hook `AtVeryVeryEnd' on input line 1643.
 ) 
Here is how much of TeX's memory you used:
 9267 strings out of 480608
 136183 string characters out of 5907536
 418835 words of memory out of 5000000
 24778 multiletter control sequences out of 15000+600000
 553782 words of font info for 108 fonts, out of 8000000 for 9000
 1141 hyphenation exceptions out of 8191
 34i,22n,34p,1616b,490s stack positions out of 5000i,500n,10000p,200000b,80000s
{e:/texlive/2020/texmf-dist/fonts/enc/dvips/cm-super/cm-super-ts1.enc}<e:/tex
live/2020/texmf-dist/fonts/type1/public/amsfonts/cm/cmbx10.pfb><e:/texlive/2020
/texmf-dist/fonts/type1/public/amsfonts/cm/cmbx12.pfb><e:/texlive/2020/texmf-di
st/fonts/type1/public/amsfonts/cm/cmbx8.pfb><e:/texlive/2020/texmf-dist/fonts/t
ype1/public/amsfonts/cm/cmex10.pfb><e:/texlive/2020/texmf-dist/fonts/type1/publ
ic/amsfonts/cmextra/cmex8.pfb><e:/texlive/2020/texmf-dist/fonts/type1/public/am
sfonts/cm/cmmi12.pfb><e:/texlive/2020/texmf-dist/fonts/type1/public/amsfonts/cm
/cmmi6.pfb><e:/texlive/2020/texmf-dist/fonts/type1/public/amsfonts/cm/cmmi8.pfb
><e:/texlive/2020/texmf-dist/fonts/type1/public/amsfonts/cm/cmmib10.pfb><e:/tex
live/2020/texmf-dist/fonts/type1/public/amsfonts/cmextra/cmmib8.pfb><e:/texlive
/2020/texmf-dist/fonts/type1/public/amsfonts/cm/cmr10.pfb><e:/texlive/2020/texm
f-dist/fonts/type1/public/amsfonts/cm/cmr12.pfb><e:/texlive/2020/texmf-dist/fon
ts/type1/public/amsfonts/cm/cmr17.pfb><e:/texlive/2020/texmf-dist/fonts/type1/p
ublic/amsfonts/cm/cmr6.pfb><e:/texlive/2020/texmf-dist/fonts/type1/public/amsfo
nts/cm/cmr8.pfb><e:/texlive/2020/texmf-dist/fonts/type1/public/amsfonts/cm/cmsy
10.pfb><e:/texlive/2020/texmf-dist/fonts/type1/public/amsfonts/cm/cmsy6.pfb><e:
/texlive/2020/texmf-dist/fonts/type1/public/amsfonts/cm/cmsy8.pfb><e:/texlive/2
020/texmf-dist/fonts/type1/public/amsfonts/cm/cmti12.pfb><e:/texlive/2020/texmf
-dist/fonts/type1/public/amsfonts/cm/cmti8.pfb><e:/texlive/2020/texmf-dist/font
s/type1/public/amsfonts/cm/cmtt12.pfb><e:/texlive/2020/texmf-dist/fonts/type1/p
ublic/amsfonts/euler/eusb10.pfb><e:/texlive/2020/texmf-dist/fonts/type1/public/
amsfonts/symbols/msam10.pfb><e:/texlive/2020/texmf-dist/fonts/type1/public/amsf
onts/symbols/msam7.pfb><e:/texlive/2020/texmf-dist/fonts/type1/public/amsfonts/
symbols/msbm10.pfb><e:/texlive/2020/texmf-dist/fonts/type1/public/cm-super/sfrm
1200.pfb><e:/texlive/2020/texmf-dist/fonts/type1/public/cm-super/sfti1200.pfb>
Output written on TensorAR.pdf (61 pages, 659653 bytes).
PDF statistics:
 587 PDF objects out of 1000 (max. 8388607)
 467 compressed objects within 5 object streams
 159 named destinations out of 1000 (max. 500000)
 31 words of extra memory for PDF output out of 10000 (max. 10000000)

